This is XeTeX, Version 3.14159265-2.6-0.99992 (TeX Live 2015/W32TeX) (preloaded format=xelatex 2016.7.2)  9 JUL 2016 10:13
entering extended mode
 restricted \write18 enabled.
 %&-line parsing enabled.
**./fig5.tex
(./fig5.tex
LaTeX2e <2015/01/01>
Babel <3.9l> and hyphenation patterns for 79 languages loaded.
(e:/Software/texlive/2015/texmf-dist/tex/latex/standalone/standalone.cls
Document Class: standalone 2012/09/15 v1.1b Class to compile TeX sub-files stan
dalone
(e:/Software/texlive/2015/texmf-dist/tex/generic/oberdiek/ifluatex.sty
Package: ifluatex 2010/03/01 v1.3 Provides the ifluatex switch (HO)
Package ifluatex Info: LuaTeX not detected.
)
(e:/Software/texlive/2015/texmf-dist/tex/generic/oberdiek/ifpdf.sty
Package: ifpdf 2011/01/30 v2.3 Provides the ifpdf switch (HO)
Package ifpdf Info: pdfTeX in PDF mode is not detected.
)
(e:/Software/texlive/2015/texmf-dist/tex/generic/ifxetex/ifxetex.sty
Package: ifxetex 2010/09/12 v0.6 Provides ifxetex conditional
)
(e:/Software/texlive/2015/texmf-dist/tex/latex/xkeyval/xkeyval.sty
Package: xkeyval 2014/12/03 v2.7a package option processing (HA)

(e:/Software/texlive/2015/texmf-dist/tex/generic/xkeyval/xkeyval.tex
(e:/Software/texlive/2015/texmf-dist/tex/generic/xkeyval/xkvutils.tex
\XKV@toks=\toks14
\XKV@tempa@toks=\toks15

(e:/Software/texlive/2015/texmf-dist/tex/generic/xkeyval/keyval.tex))
\XKV@depth=\count79
File: xkeyval.tex 2014/12/03 v2.7a key=value parser (HA)
))
\sa@internal=\count80

(e:/Software/texlive/2015/texmf-dist/tex/latex/standalone/standalone.cfg
File: standalone.cfg 2012/09/15 v1.1b Default configuration file for 'standalon
e' class
)
(e:/Software/texlive/2015/texmf-dist/tex/latex/base/article.cls
Document Class: article 2014/09/29 v1.4h Standard LaTeX document class
(e:/Software/texlive/2015/texmf-dist/tex/latex/base/size10.clo
File: size10.clo 2014/09/29 v1.4h Standard LaTeX file (size option)
)
\c@part=\count81
\c@section=\count82
\c@subsection=\count83
\c@subsubsection=\count84
\c@paragraph=\count85
\c@subparagraph=\count86
\c@figure=\count87
\c@table=\count88
\abovecaptionskip=\skip41
\belowcaptionskip=\skip42
\bibindent=\dimen102
)
(e:/Software/texlive/2015/texmf-dist/tex/latex/pgf/frontendlayer/tikz.sty
(e:/Software/texlive/2015/texmf-dist/tex/latex/pgf/basiclayer/pgf.sty
(e:/Software/texlive/2015/texmf-dist/tex/latex/pgf/utilities/pgfrcs.sty
(e:/Software/texlive/2015/texmf-dist/tex/generic/pgf/utilities/pgfutil-common.t
ex
\pgfutil@everybye=\toks16
\pgfutil@tempdima=\dimen103
\pgfutil@tempdimb=\dimen104

(e:/Software/texlive/2015/texmf-dist/tex/generic/pgf/utilities/pgfutil-common-l
ists.tex))
(e:/Software/texlive/2015/texmf-dist/tex/generic/pgf/utilities/pgfutil-latex.de
f
\pgfutil@abb=\box26
 (e:/Software/texlive/2015/texmf-dist/tex/latex/ms/everyshi.sty
Package: everyshi 2001/05/15 v3.00 EveryShipout Package (MS)
))
(e:/Software/texlive/2015/texmf-dist/tex/generic/pgf/utilities/pgfrcs.code.tex
Package: pgfrcs 2013/12/20 v3.0.0 (rcs-revision 1.28)
))
Package: pgf 2013/12/18 v3.0.0 (rcs-revision 1.14)
 (e:/Software/texlive/2015/texmf-dist/tex/latex/pgf/basiclayer/pgfcore.sty
(e:/Software/texlive/2015/texmf-dist/tex/latex/graphics/graphicx.sty
Package: graphicx 2014/10/28 v1.0g Enhanced LaTeX Graphics (DPC,SPQR)

(e:/Software/texlive/2015/texmf-dist/tex/latex/graphics/graphics.sty
Package: graphics 2014/10/28 v1.0p Standard LaTeX Graphics (DPC,SPQR)

(e:/Software/texlive/2015/texmf-dist/tex/latex/graphics/trig.sty
Package: trig 1999/03/16 v1.09 sin cos tan (DPC)
)
(e:/Software/texlive/2015/texmf-dist/tex/latex/latexconfig/graphics.cfg
File: graphics.cfg 2010/04/23 v1.9 graphics configuration of TeX Live
)
Package graphics Info: Driver file: xetex.def on input line 94.

(e:/Software/texlive/2015/texmf-dist/tex/xelatex/xetex-def/xetex.def
File: xetex.def 2015/03/25 v4.04 LaTeX color/graphics driver for XeTeX (TeX Liv
e/RRM/JK)
))
\Gin@req@height=\dimen105
\Gin@req@width=\dimen106
)
(e:/Software/texlive/2015/texmf-dist/tex/latex/pgf/systemlayer/pgfsys.sty
(e:/Software/texlive/2015/texmf-dist/tex/generic/pgf/systemlayer/pgfsys.code.te
x
Package: pgfsys 2013/11/30 v3.0.0 (rcs-revision 1.47)

(e:/Software/texlive/2015/texmf-dist/tex/generic/pgf/utilities/pgfkeys.code.tex
\pgfkeys@pathtoks=\toks17
\pgfkeys@temptoks=\toks18

(e:/Software/texlive/2015/texmf-dist/tex/generic/pgf/utilities/pgfkeysfiltered.
code.tex
\pgfkeys@tmptoks=\toks19
))
\pgf@x=\dimen107
\pgf@y=\dimen108
\pgf@xa=\dimen109
\pgf@ya=\dimen110
\pgf@xb=\dimen111
\pgf@yb=\dimen112
\pgf@xc=\dimen113
\pgf@yc=\dimen114
\w@pgf@writea=\write3
\r@pgf@reada=\read1
\c@pgf@counta=\count89
\c@pgf@countb=\count90
\c@pgf@countc=\count91
\c@pgf@countd=\count92
\t@pgf@toka=\toks20
\t@pgf@tokb=\toks21
\t@pgf@tokc=\toks22

(e:/Software/texlive/2015/texmf-dist/tex/generic/pgf/systemlayer/pgf.cfg
File: pgf.cfg 2008/05/14  (rcs-revision 1.7)
)
Driver file for pgf: pgfsys-xetex.def

(e:/Software/texlive/2015/texmf-dist/tex/generic/pgf/systemlayer/pgfsys-xetex.d
ef
File: pgfsys-xetex.def 2013/07/16  (rcs-revision 1.9)

(e:/Software/texlive/2015/texmf-dist/tex/generic/pgf/systemlayer/pgfsys-dvipdfm
x.def
File: pgfsys-dvipdfmx.def 2013/08/28  (rcs-revision 1.12)

(e:/Software/texlive/2015/texmf-dist/tex/generic/pgf/systemlayer/pgfsys-common-
pdf.def
File: pgfsys-common-pdf.def 2013/10/10  (rcs-revision 1.13)
)
\pgfsys@objnum=\count93
)))
(e:/Software/texlive/2015/texmf-dist/tex/generic/pgf/systemlayer/pgfsyssoftpath
.code.tex
File: pgfsyssoftpath.code.tex 2013/09/09  (rcs-revision 1.9)
\pgfsyssoftpath@smallbuffer@items=\count94
\pgfsyssoftpath@bigbuffer@items=\count95
)
(e:/Software/texlive/2015/texmf-dist/tex/generic/pgf/systemlayer/pgfsysprotocol
.code.tex
File: pgfsysprotocol.code.tex 2006/10/16  (rcs-revision 1.4)
)) (e:/Software/texlive/2015/texmf-dist/tex/latex/xcolor/xcolor.sty
Package: xcolor 2007/01/21 v2.11 LaTeX color extensions (UK)

(e:/Software/texlive/2015/texmf-dist/tex/latex/latexconfig/color.cfg
File: color.cfg 2007/01/18 v1.5 color configuration of teTeX/TeXLive
)
Package xcolor Info: Driver file: xetex.def on input line 225.
Package xcolor Info: Model `cmy' substituted by `cmy0' on input line 1337.
Package xcolor Info: Model `RGB' extended on input line 1353.
Package xcolor Info: Model `HTML' substituted by `rgb' on input line 1355.
Package xcolor Info: Model `Hsb' substituted by `hsb' on input line 1356.
Package xcolor Info: Model `tHsb' substituted by `hsb' on input line 1357.
Package xcolor Info: Model `HSB' substituted by `hsb' on input line 1358.
Package xcolor Info: Model `Gray' substituted by `gray' on input line 1359.
Package xcolor Info: Model `wave' substituted by `hsb' on input line 1360.
)
(e:/Software/texlive/2015/texmf-dist/tex/generic/pgf/basiclayer/pgfcore.code.te
x
Package: pgfcore 2010/04/11 v3.0.0 (rcs-revision 1.7)
 (e:/Software/texlive/2015/texmf-dist/tex/generic/pgf/math/pgfmath.code.tex
(e:/Software/texlive/2015/texmf-dist/tex/generic/pgf/math/pgfmathcalc.code.tex
(e:/Software/texlive/2015/texmf-dist/tex/generic/pgf/math/pgfmathutil.code.tex)

(e:/Software/texlive/2015/texmf-dist/tex/generic/pgf/math/pgfmathparser.code.te
x
\pgfmath@dimen=\dimen115
\pgfmath@count=\count96
\pgfmath@box=\box27
\pgfmath@toks=\toks23
\pgfmath@stack@operand=\toks24
\pgfmath@stack@operation=\toks25
)
(e:/Software/texlive/2015/texmf-dist/tex/generic/pgf/math/pgfmathfunctions.code
.tex
(e:/Software/texlive/2015/texmf-dist/tex/generic/pgf/math/pgfmathfunctions.basi
c.code.tex)
(e:/Software/texlive/2015/texmf-dist/tex/generic/pgf/math/pgfmathfunctions.trig
onometric.code.tex)
(e:/Software/texlive/2015/texmf-dist/tex/generic/pgf/math/pgfmathfunctions.rand
om.code.tex)
(e:/Software/texlive/2015/texmf-dist/tex/generic/pgf/math/pgfmathfunctions.comp
arison.code.tex)
(e:/Software/texlive/2015/texmf-dist/tex/generic/pgf/math/pgfmathfunctions.base
.code.tex)
(e:/Software/texlive/2015/texmf-dist/tex/generic/pgf/math/pgfmathfunctions.roun
d.code.tex)
(e:/Software/texlive/2015/texmf-dist/tex/generic/pgf/math/pgfmathfunctions.misc
.code.tex)
(e:/Software/texlive/2015/texmf-dist/tex/generic/pgf/math/pgfmathfunctions.inte
gerarithmetics.code.tex)))
(e:/Software/texlive/2015/texmf-dist/tex/generic/pgf/math/pgfmathfloat.code.tex
\c@pgfmathroundto@lastzeros=\count97
))
(e:/Software/texlive/2015/texmf-dist/tex/generic/pgf/basiclayer/pgfcorepoints.c
ode.tex
File: pgfcorepoints.code.tex 2013/10/07  (rcs-revision 1.27)
\pgf@picminx=\dimen116
\pgf@picmaxx=\dimen117
\pgf@picminy=\dimen118
\pgf@picmaxy=\dimen119
\pgf@pathminx=\dimen120
\pgf@pathmaxx=\dimen121
\pgf@pathminy=\dimen122
\pgf@pathmaxy=\dimen123
\pgf@xx=\dimen124
\pgf@xy=\dimen125
\pgf@yx=\dimen126
\pgf@yy=\dimen127
\pgf@zx=\dimen128
\pgf@zy=\dimen129
)
(e:/Software/texlive/2015/texmf-dist/tex/generic/pgf/basiclayer/pgfcorepathcons
truct.code.tex
File: pgfcorepathconstruct.code.tex 2013/10/07  (rcs-revision 1.29)
\pgf@path@lastx=\dimen130
\pgf@path@lasty=\dimen131
)
(e:/Software/texlive/2015/texmf-dist/tex/generic/pgf/basiclayer/pgfcorepathusag
e.code.tex
File: pgfcorepathusage.code.tex 2013/12/13  (rcs-revision 1.23)
\pgf@shorten@end@additional=\dimen132
\pgf@shorten@start@additional=\dimen133
)
(e:/Software/texlive/2015/texmf-dist/tex/generic/pgf/basiclayer/pgfcorescopes.c
ode.tex
File: pgfcorescopes.code.tex 2013/10/09  (rcs-revision 1.44)
\pgfpic=\box28
\pgf@hbox=\box29
\pgf@layerbox@main=\box30
\pgf@picture@serial@count=\count98
)
(e:/Software/texlive/2015/texmf-dist/tex/generic/pgf/basiclayer/pgfcoregraphics
tate.code.tex
File: pgfcoregraphicstate.code.tex 2013/09/19  (rcs-revision 1.11)
\pgflinewidth=\dimen134
)
(e:/Software/texlive/2015/texmf-dist/tex/generic/pgf/basiclayer/pgfcoretransfor
mations.code.tex
File: pgfcoretransformations.code.tex 2013/10/10  (rcs-revision 1.17)
\pgf@pt@x=\dimen135
\pgf@pt@y=\dimen136
\pgf@pt@temp=\dimen137
)
(e:/Software/texlive/2015/texmf-dist/tex/generic/pgf/basiclayer/pgfcorequick.co
de.tex
File: pgfcorequick.code.tex 2008/10/09  (rcs-revision 1.3)
)
(e:/Software/texlive/2015/texmf-dist/tex/generic/pgf/basiclayer/pgfcoreobjects.
code.tex
File: pgfcoreobjects.code.tex 2006/10/11  (rcs-revision 1.2)
)
(e:/Software/texlive/2015/texmf-dist/tex/generic/pgf/basiclayer/pgfcorepathproc
essing.code.tex
File: pgfcorepathprocessing.code.tex 2013/09/09  (rcs-revision 1.9)
)
(e:/Software/texlive/2015/texmf-dist/tex/generic/pgf/basiclayer/pgfcorearrows.c
ode.tex
File: pgfcorearrows.code.tex 2013/11/07  (rcs-revision 1.40)
\pgfarrowsep=\dimen138
)
(e:/Software/texlive/2015/texmf-dist/tex/generic/pgf/basiclayer/pgfcoreshade.co
de.tex
File: pgfcoreshade.code.tex 2013/07/15  (rcs-revision 1.15)
\pgf@max=\dimen139
\pgf@sys@shading@range@num=\count99
)
(e:/Software/texlive/2015/texmf-dist/tex/generic/pgf/basiclayer/pgfcoreimage.co
de.tex
File: pgfcoreimage.code.tex 2013/07/15  (rcs-revision 1.18)

(e:/Software/texlive/2015/texmf-dist/tex/generic/pgf/basiclayer/pgfcoreexternal
.code.tex
File: pgfcoreexternal.code.tex 2013/07/15  (rcs-revision 1.20)
\pgfexternal@startupbox=\box31
))
(e:/Software/texlive/2015/texmf-dist/tex/generic/pgf/basiclayer/pgfcorelayers.c
ode.tex
File: pgfcorelayers.code.tex 2013/07/18  (rcs-revision 1.7)
)
(e:/Software/texlive/2015/texmf-dist/tex/generic/pgf/basiclayer/pgfcoretranspar
ency.code.tex
File: pgfcoretransparency.code.tex 2013/09/30  (rcs-revision 1.5)
)
(e:/Software/texlive/2015/texmf-dist/tex/generic/pgf/basiclayer/pgfcorepatterns
.code.tex
File: pgfcorepatterns.code.tex 2013/11/07  (rcs-revision 1.5)
)))
(e:/Software/texlive/2015/texmf-dist/tex/generic/pgf/modules/pgfmoduleshapes.co
de.tex
File: pgfmoduleshapes.code.tex 2013/10/31  (rcs-revision 1.34)
\pgfnodeparttextbox=\box32
)
(e:/Software/texlive/2015/texmf-dist/tex/generic/pgf/modules/pgfmoduleplot.code
.tex
File: pgfmoduleplot.code.tex 2013/07/31  (rcs-revision 1.12)
)
(e:/Software/texlive/2015/texmf-dist/tex/latex/pgf/compatibility/pgfcomp-versio
n-0-65.sty
Package: pgfcomp-version-0-65 2007/07/03 v3.0.0 (rcs-revision 1.7)
\pgf@nodesepstart=\dimen140
\pgf@nodesepend=\dimen141
)
(e:/Software/texlive/2015/texmf-dist/tex/latex/pgf/compatibility/pgfcomp-versio
n-1-18.sty
Package: pgfcomp-version-1-18 2007/07/23 v3.0.0 (rcs-revision 1.1)
))
(e:/Software/texlive/2015/texmf-dist/tex/latex/pgf/utilities/pgffor.sty
(e:/Software/texlive/2015/texmf-dist/tex/latex/pgf/utilities/pgfkeys.sty
(e:/Software/texlive/2015/texmf-dist/tex/generic/pgf/utilities/pgfkeys.code.tex
)) (e:/Software/texlive/2015/texmf-dist/tex/latex/pgf/math/pgfmath.sty
(e:/Software/texlive/2015/texmf-dist/tex/generic/pgf/math/pgfmath.code.tex))
(e:/Software/texlive/2015/texmf-dist/tex/generic/pgf/utilities/pgffor.code.tex
Package: pgffor 2013/12/13 v3.0.0 (rcs-revision 1.25)

(e:/Software/texlive/2015/texmf-dist/tex/generic/pgf/math/pgfmath.code.tex)
\pgffor@iter=\dimen142
\pgffor@skip=\dimen143
\pgffor@stack=\toks26
\pgffor@toks=\toks27
))
(e:/Software/texlive/2015/texmf-dist/tex/generic/pgf/frontendlayer/tikz/tikz.co
de.tex
Package: tikz 2013/12/13 v3.0.0 (rcs-revision 1.142)

(e:/Software/texlive/2015/texmf-dist/tex/generic/pgf/libraries/pgflibraryplotha
ndlers.code.tex
File: pgflibraryplothandlers.code.tex 2013/08/31 v3.0.0 (rcs-revision 1.20)
\pgf@plot@mark@count=\count100
\pgfplotmarksize=\dimen144
)
\tikz@lastx=\dimen145
\tikz@lasty=\dimen146
\tikz@lastxsaved=\dimen147
\tikz@lastysaved=\dimen148
\tikzleveldistance=\dimen149
\tikzsiblingdistance=\dimen150
\tikz@figbox=\box33
\tikz@figbox@bg=\box34
\tikz@tempbox=\box35
\tikz@tempbox@bg=\box36
\tikztreelevel=\count101
\tikznumberofchildren=\count102
\tikznumberofcurrentchild=\count103
\tikz@fig@count=\count104

(e:/Software/texlive/2015/texmf-dist/tex/generic/pgf/modules/pgfmodulematrix.co
de.tex
File: pgfmodulematrix.code.tex 2013/09/17  (rcs-revision 1.8)
\pgfmatrixcurrentrow=\count105
\pgfmatrixcurrentcolumn=\count106
\pgf@matrix@numberofcolumns=\count107
)
\tikz@expandcount=\count108

(e:/Software/texlive/2015/texmf-dist/tex/generic/pgf/frontendlayer/tikz/librari
es/tikzlibrarytopaths.code.tex
File: tikzlibrarytopaths.code.tex 2008/06/17 v3.0.0 (rcs-revision 1.2)
)))
\sa@box=\box37
)
(e:/Software/texlive/2015/texmf-dist/tex/latex/pgfplots/pgfplots.sty
(e:/Software/texlive/2015/texmf-dist/tex/generic/pgfplots/pgfplots.revision.tex
)
Package: pgfplots 2015/05/02 v1.12.1 Data Visualization (1.12.1)
 (e:/Software/texlive/2015/texmf-dist/tex/generic/pgfplots/pgfplots.code.tex
(e:/Software/texlive/2015/texmf-dist/tex/generic/pgfplots/pgfplotscore.code.tex
\t@pgfplots@toka=\toks28
\t@pgfplots@tokb=\toks29
\t@pgfplots@tokc=\toks30
\pgfplots@tmpa=\dimen151
\c@pgfplots@coordindex=\count109
\c@pgfplots@scanlineindex=\count110

(e:/Software/texlive/2015/texmf-dist/tex/generic/pgfplots/sys/pgfplotssysgeneri
c.code.tex))
(e:/Software/texlive/2015/texmf-dist/tex/generic/pgfplots/libs/pgfplotslibrary.
code.tex)
(e:/Software/texlive/2015/texmf-dist/tex/generic/pgfplots/oldpgfcompatib/pgfplo
tsoldpgfsupp_loader.code.tex
(e:/Software/texlive/2015/texmf-dist/tex/generic/pgf/libraries/pgflibraryfpu.co
de.tex)
Package pgfplots: loading complementary arithmetics for your pgf version...

(e:/Software/texlive/2015/texmf-dist/tex/generic/pgfplots/oldpgfcompatib/pgfplo
tsoldpgfsupp_pgflibraryfpu.code.tex)
(e:/Software/texlive/2015/texmf-dist/tex/generic/pgfplots/oldpgfcompatib/pgfplo
tsoldpgfsupp_pgfmathfloat.code.tex
\c@pgfmathroundto@lastzeros=\count111
)
(e:/Software/texlive/2015/texmf-dist/tex/generic/pgfplots/oldpgfcompatib/pgfplo
tsoldpgfsupp_trig_format.code.tex))
(e:/Software/texlive/2015/texmf-dist/tex/generic/pgfplots/util/pgfplotsutil.cod
e.tex
(e:/Software/texlive/2015/texmf-dist/tex/generic/pgfplots/liststructure/pgfplot
sliststructure.code.tex)
(e:/Software/texlive/2015/texmf-dist/tex/generic/pgfplots/liststructure/pgfplot
sliststructureext.code.tex)
(e:/Software/texlive/2015/texmf-dist/tex/generic/pgfplots/liststructure/pgfplot
sarray.code.tex
\c@pgfplotsarray@tmp=\count112
)
(e:/Software/texlive/2015/texmf-dist/tex/generic/pgfplots/liststructure/pgfplot
smatrix.code.tex)
(e:/Software/texlive/2015/texmf-dist/tex/generic/pgfplots/numtable/pgfplotstabl
eshared.code.tex
\c@pgfplotstable@counta=\count113
\t@pgfplotstable@a=\toks31
)
(e:/Software/texlive/2015/texmf-dist/tex/generic/pgfplots/liststructure/pgfplot
sdeque.code.tex)
(e:/Software/texlive/2015/texmf-dist/tex/generic/pgfplots/util/pgfplotsbinary.c
ode.tex
(e:/Software/texlive/2015/texmf-dist/tex/generic/pgfplots/util/pgfplotsbinary.d
ata.code.tex))
(e:/Software/texlive/2015/texmf-dist/tex/generic/pgfplots/util/pgfplotsutil.ver
b.code.tex)
(e:/Software/texlive/2015/texmf-dist/tex/generic/pgfplots/libs/pgflibrarypgfplo
ts.surfshading.code.tex
\c@pgfplotslibrarysurf@no=\count114

(e:/Software/texlive/2015/texmf-dist/tex/generic/pgfplots/sys/pgflibrarypgfplot
s.surfshading.pgfsys-xetex.def
(e:/Software/texlive/2015/texmf-dist/tex/generic/pgfplots/sys/pgflibrarypgfplot
s.surfshading.pgfsys-dvipdfmx.def
\c@pgfplotslibrarysurf@streamlen=\count115
))))
(e:/Software/texlive/2015/texmf-dist/tex/generic/pgfplots/util/pgfplotscolormap
.code.tex
(e:/Software/texlive/2015/texmf-dist/tex/generic/pgfplots/util/pgfplotscolor.co
de.tex))
(e:/Software/texlive/2015/texmf-dist/tex/generic/pgfplots/pgfplotsstackedplots.
code.tex)
(e:/Software/texlive/2015/texmf-dist/tex/generic/pgfplots/pgfplotsplothandlers.
code.tex
(e:/Software/texlive/2015/texmf-dist/tex/generic/pgfplots/pgfplotsmeshplothandl
er.code.tex))
(e:/Software/texlive/2015/texmf-dist/tex/generic/pgfplots/pgfplots.scaling.code
.tex)
(e:/Software/texlive/2015/texmf-dist/tex/generic/pgfplots/pgfplotscoordprocessi
ng.code.tex)
(e:/Software/texlive/2015/texmf-dist/tex/generic/pgfplots/pgfplots.errorbars.co
de.tex)
(e:/Software/texlive/2015/texmf-dist/tex/generic/pgfplots/pgfplots.markers.code
.tex)
(e:/Software/texlive/2015/texmf-dist/tex/generic/pgfplots/pgfplotsticks.code.te
x)
(e:/Software/texlive/2015/texmf-dist/tex/generic/pgfplots/pgfplots.paths.code.t
ex)
(e:/Software/texlive/2015/texmf-dist/tex/generic/pgf/frontendlayer/tikz/librari
es/tikzlibrarydecorations.code.tex
(e:/Software/texlive/2015/texmf-dist/tex/generic/pgf/modules/pgfmoduledecoratio
ns.code.tex
\pgfdecoratedcompleteddistance=\dimen152
\pgfdecoratedremainingdistance=\dimen153
\pgfdecoratedinputsegmentcompleteddistance=\dimen154
\pgfdecoratedinputsegmentremainingdistance=\dimen155
\pgf@decorate@distancetomove=\dimen156
\pgf@decorate@repeatstate=\count116
\pgfdecorationsegmentamplitude=\dimen157
\pgfdecorationsegmentlength=\dimen158
)
\tikz@lib@dec@box=\box38
)
(e:/Software/texlive/2015/texmf-dist/tex/generic/pgf/frontendlayer/tikz/librari
es/tikzlibrarydecorations.pathmorphing.code.tex
(e:/Software/texlive/2015/texmf-dist/tex/generic/pgf/libraries/decorations/pgfl
ibrarydecorations.pathmorphing.code.tex))
(e:/Software/texlive/2015/texmf-dist/tex/generic/pgf/frontendlayer/tikz/librari
es/tikzlibrarydecorations.pathreplacing.code.tex
(e:/Software/texlive/2015/texmf-dist/tex/generic/pgf/libraries/decorations/pgfl
ibrarydecorations.pathreplacing.code.tex))
\pgfplots@numplots=\count117
\pgfplots@xmin@reg=\dimen159
\pgfplots@xmax@reg=\dimen160
\pgfplots@ymin@reg=\dimen161
\pgfplots@ymax@reg=\dimen162
\pgfplots@zmin@reg=\dimen163
\pgfplots@zmax@reg=\dimen164
)
(e:/Software/texlive/2015/texmf-dist/tex/generic/pgf/frontendlayer/tikz/librari
es/tikzlibraryplotmarks.code.tex
File: tikzlibraryplotmarks.code.tex 2008/01/09 v3.0.0 (rcs-revision 1.1)

(e:/Software/texlive/2015/texmf-dist/tex/generic/pgf/libraries/pgflibraryplotma
rks.code.tex
File: pgflibraryplotmarks.code.tex 2013/07/20 v3.0.0 (rcs-revision 1.13)
)))
(e:/Software/texlive/2015/texmf-dist/tex/latex/psnfss/mathpazo.sty
Package: mathpazo 2005/04/12 PSNFSS-v9.2a Palatino w/ Pazo Math (D.Puga, WaS) 
\symupright=\mathgroup4
)
(e:/Software/texlive/2015/texmf-dist/tex/latex/amsmath/amsmath.sty
Package: amsmath 2013/01/14 v2.14 AMS math features
\@mathmargin=\skip43

For additional information on amsmath, use the `?' option.
(e:/Software/texlive/2015/texmf-dist/tex/latex/amsmath/amstext.sty
Package: amstext 2000/06/29 v2.01

(e:/Software/texlive/2015/texmf-dist/tex/latex/amsmath/amsgen.sty
File: amsgen.sty 1999/11/30 v2.0
\@emptytoks=\toks32
\ex@=\dimen165
))
(e:/Software/texlive/2015/texmf-dist/tex/latex/amsmath/amsbsy.sty
Package: amsbsy 1999/11/29 v1.2d
\pmbraise@=\dimen166
)
(e:/Software/texlive/2015/texmf-dist/tex/latex/amsmath/amsopn.sty
Package: amsopn 1999/12/14 v2.01 operator names
)
\inf@bad=\count118
LaTeX Info: Redefining \frac on input line 210.
\uproot@=\count119
\leftroot@=\count120
LaTeX Info: Redefining \overline on input line 306.
\classnum@=\count121
\DOTSCASE@=\count122
LaTeX Info: Redefining \ldots on input line 378.
LaTeX Info: Redefining \dots on input line 381.
LaTeX Info: Redefining \cdots on input line 466.
\Mathstrutbox@=\box39
\strutbox@=\box40
\big@size=\dimen167
LaTeX Font Info:    Redeclaring font encoding OML on input line 566.
LaTeX Font Info:    Redeclaring font encoding OMS on input line 567.
\macc@depth=\count123
\c@MaxMatrixCols=\count124
\dotsspace@=\muskip10
\c@parentequation=\count125
\dspbrk@lvl=\count126
\tag@help=\toks33
\row@=\count127
\column@=\count128
\maxfields@=\count129
\andhelp@=\toks34
\eqnshift@=\dimen168
\alignsep@=\dimen169
\tagshift@=\dimen170
\tagwidth@=\dimen171
\totwidth@=\dimen172
\lineht@=\dimen173
\@envbody=\toks35
\multlinegap=\skip44
\multlinetaggap=\skip45
\mathdisplay@stack=\toks36
LaTeX Info: Redefining \[ on input line 2665.
LaTeX Info: Redefining \] on input line 2666.
)
(e:/Software/texlive/2015/texmf-dist/tex/generic/pgfplots/libs/tikzlibrarypgfpl
ots.polar.code.tex)
(e:/Software/texlive/2015/texmf-dist/tex/generic/pgf/libraries/shapes/pgflibrar
yshapes.geometric.code.tex
File: pgflibraryshapes.geometric.code.tex 2008/06/26 v3.0.0 (rcs-revision 1.1)
)
(e:/Software/texlive/2015/texmf-dist/tex/generic/pgf/frontendlayer/tikz/librari
es/tikzlibrarycalc.code.tex
File: tikzlibrarycalc.code.tex 2013/07/15 v3.0.0 (rcs-revision 1.9)
)
(e:/Software/texlive/2015/texmf-dist/tex/generic/pgf/frontendlayer/tikz/librari
es/datavisualization/tikzlibrarydatavisualization.code.tex
File: tikzlibrarydatavisualization.code.tex 2013/07/19 v3.0.0 (rcs-revision 1.4
4)

(e:/Software/texlive/2015/texmf-dist/tex/generic/pgf/modules/pgfmoduledatavisua
lization.code.tex
File: pgfmoduledatavisualization.code.tex 2013/07/19  (rcs-revision 1.47)

(e:/Software/texlive/2015/texmf-dist/tex/generic/pgf/modules/pgfmoduleoo.code.t
ex
\pgfoo@objectcount=\count130
\pgfoothis@count=\count131
\pgfoo@toks=\toks37
)
\pgf@lib@dv@cache@count=\count132
\pgf@lib@dv@cache@count=\count133
)
(e:/Software/texlive/2015/texmf-dist/tex/generic/pgf/frontendlayer/tikz/librari
es/tikzlibrarybackgrounds.code.tex
File: tikzlibrarybackgrounds.code.tex 2013/07/18 v3.0.0 (rcs-revision 1.3)
\pgf@layerbox@background=\box41
\pgf@layerboxsaved@background=\box42
)
\tikzdvvisualizercounter=\count134
)
(e:/Software/texlive/2015/texmf-dist/tex/generic/pgf/frontendlayer/tikz/librari
es/datavisualization/tikzlibrarydatavisualization.formats.functions.code.tex
File: tikzlibrarydatavisualization.formats.functions.code.tex 2008/12/09 v3.0.0
 (rcs-revision 1.1)

(e:/Software/texlive/2015/texmf-dist/tex/generic/pgf/libraries/datavisualizatio
n/pgflibrarydatavisualization.formats.functions.code.tex
File: pgflibrarydatavisualization.formats.functions.code.tex 2011/03/14 v3.0.0 
(rcs-revision 1.4)
))
(e:/Software/texlive/2015/texmf-dist/tex/generic/pgf/frontendlayer/tikz/librari
es/tikzlibraryintersections.code.tex
(e:/Software/texlive/2015/texmf-dist/tex/generic/pgf/libraries/pgflibraryinters
ections.code.tex
\pgf@intersect@solutions=\count135
))
(e:/Software/texlive/2015/texmf-dist/tex/generic/pgf/frontendlayer/tikz/librari
es/tikzlibraryscopes.code.tex
File: tikzlibraryscopes.code.tex 2008/06/27 v3.0.0 (rcs-revision 1.2)
) (./fig5.aux)
\openout1 = `fig5.aux'.

LaTeX Font Info:    Checking defaults for OML/cmm/m/it on input line 14.
LaTeX Font Info:    ... okay on input line 14.
LaTeX Font Info:    Checking defaults for T1/cmr/m/n on input line 14.
LaTeX Font Info:    ... okay on input line 14.
LaTeX Font Info:    Checking defaults for OT1/cmr/m/n on input line 14.
LaTeX Font Info:    ... okay on input line 14.
LaTeX Font Info:    Checking defaults for OMS/cmsy/m/n on input line 14.
LaTeX Font Info:    ... okay on input line 14.
LaTeX Font Info:    Checking defaults for OMX/cmex/m/n on input line 14.
LaTeX Font Info:    ... okay on input line 14.
LaTeX Font Info:    Checking defaults for U/cmr/m/n on input line 14.
LaTeX Font Info:    ... okay on input line 14.
LaTeX Font Info:    Try loading font information for OT1+ppl on input line 14.

(e:/Software/texlive/2015/texmf-dist/tex/latex/psnfss/ot1ppl.fd
File: ot1ppl.fd 2001/06/04 font definitions for OT1/ppl.
)
ABD: EveryShipout initializing macros
Package pgfplots notification 'compat/show suggested version=true': document ha
s been generated with the most recent feature set (\pgfplotsset{compat=1.12}).

LaTeX Font Info:    Try loading font information for OML+zplm on input line 17.

(e:/Software/texlive/2015/texmf-dist/tex/latex/psnfss/omlzplm.fd
File: omlzplm.fd 2002/09/08 Fontinst v1.914 font definitions for OML/zplm.
)
LaTeX Font Info:    Try loading font information for OMS+zplm on input line 17.


(e:/Software/texlive/2015/texmf-dist/tex/latex/psnfss/omszplm.fd
File: omszplm.fd 2002/09/08 Fontinst v1.914 font definitions for OMS/zplm.
)
LaTeX Font Info:    Try loading font information for OMX+zplm on input line 17.


(e:/Software/texlive/2015/texmf-dist/tex/latex/psnfss/omxzplm.fd
File: omxzplm.fd 2002/09/08 Fontinst v1.914 font definitions for OMX/zplm.
)
LaTeX Font Info:    Try loading font information for OT1+zplm on input line 17.


(e:/Software/texlive/2015/texmf-dist/tex/latex/psnfss/ot1zplm.fd
File: ot1zplm.fd 2002/09/08 Fontinst v1.914 font definitions for OT1/zplm.
) [1

]
(./fig5.aux) ) 
Here is how much of TeX's memory you used:
 23025 strings out of 493706
 621141 string characters out of 6145377
 812328 words of memory out of 5000000
 25980 multiletter control sequences out of 15000+600000
 13090 words of font info for 39 fonts, out of 8000000 for 9000
 1328 hyphenation exceptions out of 8191
 62i,6n,83p,723b,606s stack positions out of 5000i,500n,10000p,200000b,80000s

Output written on fig5.pdf (1 page).
